\BOOKMARK [1][-]{section.1}{\376\377\000I\000n\000t\000r\000o\000d\000u\000\347\000\343\000o}{}% 1
\BOOKMARK [2][-]{subsection.1.1}{\376\377\000T\000e\000m\000a}{section.1}% 2
\BOOKMARK [2][-]{subsection.1.2}{\376\377\000J\000u\000s\000t\000i\000f\000i\000c\000a\000t\000i\000v\000a\000\040\000d\000e\000\040\000E\000s\000c\000o\000l\000h\000a\000\040\000d\000o\000\040\000T\000e\000m\000a}{section.1}% 3
\BOOKMARK [2][-]{subsection.1.3}{\376\377\000D\000e\000s\000c\000r\000i\000\347\000\343\000o\000\040\000d\000o\000\040\000P\000r\000o\000b\000l\000e\000m\000a}{section.1}% 4
\BOOKMARK [2][-]{subsection.1.4}{\376\377\000O\000b\000j\000e\000t\000i\000v\000o\000s\000\040\000d\000o\000\040\000P\000r\000o\000j\000e\000t\000o}{section.1}% 5
\BOOKMARK [2][-]{subsection.1.5}{\376\377\000O\000r\000g\000a\000n\000i\000z\000a\000\347\000\343\000o\000\040\000d\000o\000\040\000P\000r\000o\000j\000e\000t\000o}{section.1}% 6
\BOOKMARK [3][-]{subsubsection.1.5.1}{\376\377\000E\000s\000t\000r\000u\000t\000u\000r\000a\000\040\000d\000o\000\040\000P\000r\000o\000j\000e\000t\000o}{subsection.1.5}% 7
\BOOKMARK [3][-]{subsubsection.1.5.2}{\376\377\000M\000\351\000t\000o\000d\000o\000\040\000d\000e\000\040\000T\000r\000a\000b\000a\000l\000h\000o}{subsection.1.5}% 8
\BOOKMARK [3][-]{subsubsection.1.5.3}{\376\377\000D\000i\000v\000i\000s\000\343\000o\000\040\000d\000e\000\040\000R\000e\000s\000p\000o\000n\000s\000a\000b\000i\000l\000i\000d\000a\000d\000e\000s}{subsection.1.5}% 9
\BOOKMARK [4][-]{section*.4}{\376\377\000C\000h\000r\000y\000s\000t\000i\000a\000n\000\040\000M\000.\000\040\000F\000r\000a\000n\000k\000l\000i\000n}{subsubsection.1.5.3}% 10
\BOOKMARK [4][-]{section*.5}{\376\377\000W\000e\000l\000l\000i\000n\000g\000t\000o\000n\000\040\000E\000.\000\040\000R\000o\000d\000r\000i\000g\000u\000e\000s}{subsubsection.1.5.3}% 11
\BOOKMARK [1][-]{section.2}{\376\377\000L\000e\000v\000a\000n\000t\000a\000m\000e\000n\000t\000o\000\040\000d\000e\000\040\000R\000e\000q\000u\000i\000s\000i\000t\000o\000s}{}% 12
\BOOKMARK [2][-]{subsection.2.1}{\376\377\000R\000e\000q\000u\000i\000s\000i\000t\000o\000s\000\040\000F\000u\000n\000c\000i\000o\000n\000a\000i\000s}{section.2}% 13
\BOOKMARK [2][-]{subsection.2.2}{\376\377\000R\000e\000q\000u\000i\000s\000i\000t\000o\000s\000\040\000N\000\343\000o\000-\000F\000u\000n\000c\000i\000o\000n\000a\000i\000s}{section.2}% 14
\BOOKMARK [2][-]{subsection.2.3}{\376\377\000R\000e\000q\000u\000i\000s\000i\000t\000o\000s\000\040\000d\000e\000\040\000D\000o\000m\000\355\000n\000i\000o}{section.2}% 15
\BOOKMARK [1][-]{section.3}{\376\377\000D\000i\000a\000g\000r\000a\000m\000a\000\040\000d\000e\000\040\000F\000l\000u\000x\000o\000\040\000d\000e\000\040\000D\000a\000d\000o\000s}{}% 16
\BOOKMARK [1][-]{section.4}{\376\377\000R\000e\000q\000u\000i\000s\000i\000t\000o\000s\000\040\000e\000\040\000D\000F\000D\000s}{}% 17
\BOOKMARK [2][-]{subsection.4.1}{\376\377\000R\000e\000q\000u\000i\000s\000i\000t\000o\000s\000\040\000F\000u\000n\000c\000i\000o\000n\000a\000i\000s\000\040\000d\000o\000\040\000S\000i\000s\000t\000e\000m\000a}{section.4}% 18
\BOOKMARK [2][-]{subsection.4.2}{\376\377\000R\000e\000q\000u\000i\000s\000i\000t\000o\000s\000\040\000N\000\343\000o\000-\000F\000u\000n\000c\000i\000o\000n\000a\000i\000s\000\040\000d\000o\000\040\000S\000i\000s\000t\000e\000m\000a}{section.4}% 19
\BOOKMARK [2][-]{subsection.4.3}{\376\377\000R\000e\000q\000u\000i\000s\000i\000t\000o\000s\000\040\000d\000e\000\040\000D\000o\000m\000\355\000n\000i\000o\000\040\000d\000o\000\040\000S\000i\000s\000t\000e\000m\000a}{section.4}% 20
\BOOKMARK [2][-]{subsection.4.4}{\376\377\000R\000F\0000\0001\000\040\000-\000\040\000C\000r\000i\000a\000r\000\040\000T\000a\000s\000k\000s}{section.4}% 21
\BOOKMARK [2][-]{subsection.4.5}{\376\377\000R\000F\0000\0002\000\040\000-\000\040\000E\000x\000i\000b\000i\000r\000\040\000T\000a\000s\000k\000s}{section.4}% 22
\BOOKMARK [2][-]{subsection.4.6}{\376\377\000R\000F\0000\0003\000\040\000-\000\040\000E\000d\000i\000t\000a\000r\000\040\000T\000a\000s\000k\000s}{section.4}% 23
\BOOKMARK [2][-]{subsection.4.7}{\376\377\000R\000F\0000\0004\000\040\000-\000\040\000E\000x\000c\000l\000u\000i\000r\000\040\000T\000a\000s\000k\000s}{section.4}% 24
\BOOKMARK [2][-]{subsection.4.8}{\376\377\000R\000F\0000\0005\000\040\000-\000\040\000L\000i\000s\000t\000a\000r\000\040\000T\000a\000g\000s}{section.4}% 25
\BOOKMARK [2][-]{subsection.4.9}{\376\377\000R\000F\0000\0006\000\040\000-\000\040\000O\000b\000t\000e\000r\000\040\000I\000n\000f\000o\000r\000\040\000d\000o\000\040\000S\000i\000s\000t\000e\000m\000a\000\040\000O\000p\000e\000r\000a\000c\000i\000o\000n\000a\000l}{section.4}% 26
\BOOKMARK [2][-]{subsection.4.10}{\376\377\000R\000F\0000\0007\000\040\000-\000\040\000M\000o\000s\000t\000r\000a\000\040\000D\000a\000d\000o\000s\000\040\000d\000e\000\040\000E\000s\000t\000a\000t\000\355\000s\000t\000i\000c\000a\000s}{section.4}% 27
\BOOKMARK [2][-]{subsection.4.11}{\376\377\000R\000F\0000\0008\000\040\000-\000\040\000I\000m\000p\000o\000r\000t\000a\000r\000\040\000D\000a\000d\000o\000s}{section.4}% 28
\BOOKMARK [2][-]{subsection.4.12}{\376\377\000R\000F\0000\0009\000\040\000-\000\040\000E\000x\000p\000o\000r\000t\000a\000r\000\040\000D\000a\000d\000o\000s}{section.4}% 29
\BOOKMARK [2][-]{subsection.4.13}{\376\377\000R\000F\0001\0000\000\040\000-\000\040\000T\000r\000o\000c\000a\000r\000\040\000T\000e\000m\000a}{section.4}% 30
\BOOKMARK [2][-]{subsection.4.14}{\376\377\000R\000F\0001\0001\000\040\000-\000\040\000S\000i\000n\000c\000r\000o\000n\000i\000z\000a\000r\000\040\000L\000o\000c\000a\000l\000i\000d\000a\000d\000e}{section.4}% 31
\BOOKMARK [1][-]{section.5}{\376\377\000D\000i\000c\000i\000o\000n\000\341\000r\000i\000o\000\040\000d\000e\000\040\000D\000a\000d\000o\000s}{}% 32
\BOOKMARK [1][-]{section.6}{\376\377\000P\000a\000l\000e\000t\000a\000\040\000d\000e\000\040\000C\000o\000r\000e\000s\000\040\000d\000o\000\040\000S\000i\000s\000t\000e\000m\000a}{}% 33
\BOOKMARK [2][-]{subsection.6.1}{\376\377\000S\000i\000s\000t\000e\000m\000a\000\040\000d\000e\000\040\000C\000o\000r\000e\000s}{section.6}% 34
\BOOKMARK [2][-]{subsection.6.2}{\376\377\000C\000o\000r\000e\000s\000\040\000d\000o\000\040\000T\000e\000m\000a\000\040\000C\000l\000a\000r\000o}{section.6}% 35
\BOOKMARK [2][-]{subsection.6.3}{\376\377\000C\000o\000r\000e\000s\000\040\000d\000o\000\040\000T\000e\000m\000a\000\040\000E\000s\000c\000u\000r\000o}{section.6}% 36
\BOOKMARK [1][-]{section.7}{\376\377\000D\000e\000s\000i\000g\000n}{}% 37
\BOOKMARK [2][-]{subsection.7.1}{\376\377\000P\000r\000o\000t\000\363\000t\000i\000p\000o\000s}{section.7}% 38
\BOOKMARK [2][-]{subsection.7.2}{\376\377\000T\000e\000l\000a\000\040\000P\000r\000i\000n\000c\000i\000p\000a\000l}{section.7}% 39
\BOOKMARK [3][-]{subsubsection.7.2.1}{\376\377\000T\000e\000m\000a\000\040\000C\000l\000a\000r\000o}{subsection.7.2}% 40
\BOOKMARK [3][-]{subsubsection.7.2.2}{\376\377\000T\000e\000m\000a\000\040\000E\000s\000c\000u\000r\000o}{subsection.7.2}% 41
\BOOKMARK [1][-]{section.8}{\376\377\000D\000e\000s\000e\000n\000v\000o\000l\000v\000i\000m\000e\000n\000t\000o}{}% 42
\BOOKMARK [2][-]{subsection.8.1}{\376\377\000B\000a\000n\000c\000o\000\040\000d\000e\000\040\000D\000a\000d\000o\000s}{section.8}% 43
\BOOKMARK [3][-]{subsubsection.8.1.1}{\376\377\000B\000a\000n\000c\000o\000\040\000d\000e\000\040\000D\000a\000d\000o\000s\000\040\000R\000e\000l\000a\000c\000i\000o\000n\000a\000l}{subsection.8.1}% 44
\BOOKMARK [3][-]{subsubsection.8.1.2}{\376\377\000R\000e\000l\000a\000c\000i\000o\000n\000a\000m\000e\000n\000t\000o\000s}{subsection.8.1}% 45
\BOOKMARK [3][-]{subsubsection.8.1.3}{\376\377\000S\000i\000s\000t\000e\000m\000a\000\040\000d\000e\000\040\000G\000e\000r\000e\000n\000c\000i\000a\000m\000e\000n\000t\000o\000\040\000d\000e\000\040\000B\000a\000n\000c\000o\000\040\000d\000e\000\040\000D\000a\000d\000o\000s}{subsection.8.1}% 46
\BOOKMARK [2][-]{subsection.8.2}{\376\377\000J\000a\000v\000a}{section.8}% 47
\BOOKMARK [3][-]{subsubsection.8.2.1}{\376\377\000B\000r\000e\000v\000e\000\040\000H\000i\000s\000t\000\363\000r\000i\000c\000o}{subsection.8.2}% 48
\BOOKMARK [3][-]{subsubsection.8.2.2}{\376\377\000J\000a\000v\000a\000\040\000D\000e\000v\000e\000l\000o\000p\000m\000e\000n\000t\000\040\000K\000i\000t}{subsection.8.2}% 49
\BOOKMARK [3][-]{subsubsection.8.2.3}{\376\377\000O\000r\000i\000e\000n\000t\000a\000\347\000\343\000o\000\040\000a\000\040\000O\000b\000j\000e\000t\000o\000s}{subsection.8.2}% 50
\BOOKMARK [3][-]{subsubsection.8.2.4}{\376\377\000E\000X\000P\000L\000I\000C\000A\000R\000\040\000C\000O\000M\000O\000\040\000A\000P\000L\000I\000C\000O\000U}{subsection.8.2}% 51
\BOOKMARK [2][-]{subsection.8.3}{\376\377\000J\000a\000v\000a\000\040\000S\000w\000i\000n\000g}{section.8}% 52
\BOOKMARK [3][-]{subsubsection.8.3.1}{\376\377\000E\000X\000P\000L\000I\000C\000A\000R\000\040\000C\000O\000M\000O\000\040\000A\000P\000L\000I\000C\000O\000U}{subsection.8.3}% 53
\BOOKMARK [2][-]{subsection.8.4}{\376\377\000B\000i\000b\000l\000i\000o\000t\000e\000c\000a\000s}{section.8}% 54
\BOOKMARK [3][-]{subsubsection.8.4.1}{\376\377\000M\000a\000v\000e\000n\000\040\000A\000s\000s\000e\000m\000b\000l\000y\000\040\000P\000l\000u\000g\000i\000n}{subsection.8.4}% 55
\BOOKMARK [3][-]{subsubsection.8.4.2}{\376\377\000H\000i\000b\000e\000r\000n\000a\000t\000e\000\040\000O\000R\000M\000\040\000+\000\040\000C\000o\000m\000m\000u\000n\000i\000t\000y\000\040\000D\000i\000a\000l\000e\000c\000t\000s}{subsection.8.4}% 56
\BOOKMARK [3][-]{subsubsection.8.4.3}{\376\377\000S\000Q\000l\000i\000t\000e\0003\000\040\000J\000D\000B\000C\000\040\000D\000r\000i\000v\000e\000r}{subsection.8.4}% 57
\BOOKMARK [3][-]{subsubsection.8.4.4}{\376\377\000J\000S\000o\000u\000p}{subsection.8.4}% 58
\BOOKMARK [3][-]{subsubsection.8.4.5}{\376\377\000G\000o\000o\000g\000l\000e\000\040\000G\000s\000o\000n}{subsection.8.4}% 59
\BOOKMARK [3][-]{subsubsection.8.4.6}{\376\377\000M\000i\000g\000L\000a\000y\000o\000u\000t}{subsection.8.4}% 60
\BOOKMARK [3][-]{subsubsection.8.4.7}{\376\377\000F\000o\000r\000m\000d\000e\000v\000\040\000F\000l\000a\000t\000L\000a\000f\000\040\000+\000\040\000I\000n\000t\000e\000l\000l\000i\000J\000\040\000T\000h\000e\000m\000e\000s}{subsection.8.4}% 61
\BOOKMARK [2][-]{subsection.8.5}{\376\377\000F\000e\000r\000r\000a\000m\000e\000n\000t\000a\000s}{section.8}% 62
\BOOKMARK [3][-]{subsubsection.8.5.1}{\376\377\000V\000i\000s\000u\000a\000l\000\040\000S\000t\000u\000d\000i\000o\000\040\000C\000o\000d\000e}{subsection.8.5}% 63
\BOOKMARK [3][-]{subsubsection.8.5.2}{\376\377\000G\000i\000t}{subsection.8.5}% 64
\BOOKMARK [3][-]{subsubsection.8.5.3}{\376\377\000N\000e\000t\000B\000e\000a\000n\000s\000\040\000I\000D\000E}{subsection.8.5}% 65
